# JRE version: Java(TM) SE Runtime Environment (17.0.14+8) (build 17.0.14+8-LTS-191)
# Java VM: Java HotSpot(TM) 64-Bit Server VM (17.0.14+8-LTS-191, mixed mode, emulated-client, sharing, tiered, compressed oops, compressed class ptrs, g1 gc, windows-amd64)
GC Precious Log:
 CPUs: 4 total, 4 available
 Memory: 3991M
 Large Page Support: Disabled
 NUMA Support: Disabled
 Compressed Oops: Enabled (32-bit)
 Heap Region Size: 1M
 Heap Min Capacity: 8M
 Heap Initial Capacity: 64M
 Heap Max Capacity: 998M
 Pre-touch: Disabled
 Parallel Workers: 4
 Concurrent Workers: 1
 Concurrent Refinement Workers: 4
 Periodic GC: Disabled
Heap:
 garbage-first heap   total 59392K, used 25986K [0x00000000c1a00000, 0x0000000100000000)
  region size 1024K, 2 young (2048K), 2 survivors (2048K)
 Metaspace       used 38452K, committed 38912K, reserved 1114112K
  class space    used 5497K, committed 5696K, reserved 1048576K
GC Heap History (20 events):
Event: 5.417 GC heap after
{Heap after GC invocations=3 (full 0):
 garbage-first heap   total 65536K, used 11330K [0x00000000c1a00000, 0x0000000100000000)
  region size 1024K, 2 young (2048K), 2 survivors (2048K)
 Metaspace       used 10100K, committed 10368K, reserved 1114112K
  class space    used 1353K, committed 1472K, reserved 1048576K
}
Event: 6.892 GC heap before
{Heap before GC invocations=3 (full 0):
 garbage-first heap   total 65536K, used 38978K [0x00000000c1a00000, 0x0000000100000000)
  region size 1024K, 30 young (30720K), 2 survivors (2048K)
 Metaspace       used 14905K, committed 15232K, reserved 1114112K
  class space    used 2178K, committed 2304K, reserved 1048576K
}
Event: 6.900 GC heap after
{Heap after GC invocations=4 (full 0):
 garbage-first heap   total 65536K, used 13098K [0x00000000c1a00000, 0x0000000100000000)
  region size 1024K, 4 young (4096K), 4 survivors (4096K)
 Metaspace       used 14905K, committed 15232K, reserved 1114112K
  class space    used 2178K, committed 2304K, reserved 1048576K
}
Event: 8.156 GC heap before
{Heap before GC invocations=4 (full 0):
 garbage-first heap   total 65536K, used 40746K [0x00000000c1a00000, 0x0000000100000000)
  region size 1024K, 32 young (32768K), 4 survivors (4096K)
 Metaspace       used 20133K, committed 20544K, reserved 1114112K
  class space    used 2798K, committed 3008K, reserved 1048576K
}
Event: 8.170 GC heap after
{Heap after GC invocations=5 (full 0):
 garbage-first heap   total 65536K, used 14959K [0x00000000c1a00000, 0x0000000100000000)
  region size 1024K, 4 young (4096K), 4 survivors (4096K)
 Metaspace       used 20133K, committed 20544K, reserved 1114112K
  class space    used 2798K, committed 3008K, reserved 1048576K
}
Event: 8.623 GC heap before
{Heap before GC invocations=5 (full 0):
 garbage-first heap   total 65536K, used 21103K [0x00000000c1a00000, 0x0000000100000000)
  region size 1024K, 11 young (11264K), 4 survivors (4096K)
 Metaspace       used 21193K, committed 21504K, reserved 1114112K
  class space    used 2973K, committed 3136K, reserved 1048576K
}
Event: 8.632 GC heap after
{Heap after GC invocations=6 (full 0):
 garbage-first heap   total 65536K, used 16029K [0x00000000c1a00000, 0x0000000100000000)
  region size 1024K, 3 young (3072K), 3 survivors (3072K)
 Metaspace       used 21193K, committed 21504K, reserved 1114112K
  class space    used 2973K, committed 3136K, reserved 1048576K
}
Event: 10.595 GC heap before
{Heap before GC invocations=7 (full 0):
 garbage-first heap   total 58368K, used 45725K [0x00000000c1a00000, 0x0000000100000000)
  region size 1024K, 33 young (33792K), 3 survivors (3072K)
 Metaspace       used 23515K, committed 23936K, reserved 1114112K
  class space    used 3274K, committed 3456K, reserved 1048576K
}
Event: 10.609 GC heap after
{Heap after GC invocations=8 (full 0):
 garbage-first heap   total 58368K, used 18949K [0x00000000c1a00000, 0x0000000100000000)
  region size 1024K, 4 young (4096K), 4 survivors (4096K)
 Metaspace       used 23515K, committed 23936K, reserved 1114112K
  class space    used 3274K, committed 3456K, reserved 1048576K
}
Event: 12.114 GC heap before
{Heap before GC invocations=8 (full 0):
 garbage-first heap   total 58368K, used 41477K [0x00000000c1a00000, 0x0000000100000000)
  region size 1024K, 27 young (27648K), 4 survivors (4096K)
 Metaspace       used 25844K, committed 26240K, reserved 1114112K
  class space    used 3610K, committed 3776K, reserved 1048576K
}
Event: 12.126 GC heap after
{Heap after GC invocations=9 (full 0):
 garbage-first heap   total 58368K, used 20127K [0x00000000c1a00000, 0x0000000100000000)
  region size 1024K, 2 young (2048K), 2 survivors (2048K)
 Metaspace       used 25844K, committed 26240K, reserved 1114112K
  class space    used 3610K, committed 3776K, reserved 1048576K
}
Event: 14.065 GC heap before
{Heap before GC invocations=9 (full 0):
 garbage-first heap   total 58368K, used 42655K [0x00000000c1a00000, 0x0000000100000000)
  region size 1024K, 24 young (24576K), 2 survivors (2048K)
 Metaspace       used 27892K, committed 28288K, reserved 1114112K
  class space    used 4014K, committed 4160K, reserved 1048576K
}
Event: 14.080 GC heap after
{Heap after GC invocations=10 (full 0):
 garbage-first heap   total 58368K, used 21051K [0x00000000c1a00000, 0x0000000100000000)
  region size 1024K, 3 young (3072K), 3 survivors (3072K)
 Metaspace       used 27892K, committed 28288K, reserved 1114112K
  class space    used 4014K, committed 4160K, reserved 1048576K
}
Event: 15.800 GC heap before
{Heap before GC invocations=10 (full 0):
 garbage-first heap   total 58368K, used 43579K [0x00000000c1a00000, 0x0000000100000000)
  region size 1024K, 25 young (25600K), 3 survivors (3072K)
 Metaspace       used 30992K, committed 31488K, reserved 1114112K
  class space    used 4453K, committed 4672K, reserved 1048576K
}
Event: 15.818 GC heap after
{Heap after GC invocations=11 (full 0):
 garbage-first heap   total 58368K, used 22646K [0x00000000c1a00000, 0x0000000100000000)
  region size 1024K, 3 young (3072K), 3 survivors (3072K)
 Metaspace       used 30992K, committed 31488K, reserved 1114112K
  class space    used 4453K, committed 4672K, reserved 1048576K
}
Event: 18.046 GC heap before
{Heap before GC invocations=11 (full 0):
 garbage-first heap   total 58368K, used 44150K [0x00000000c1a00000, 0x0000000100000000)
  region size 1024K, 25 young (25600K), 3 survivors (3072K)
 Metaspace       used 34920K, committed 35392K, reserved 1114112K
  class space    used 4973K, committed 5184K, reserved 1048576K
}
Event: 18.066 GC heap after
{Heap after GC invocations=12 (full 0):
 garbage-first heap   total 58368K, used 24647K [0x00000000c1a00000, 0x0000000100000000)
  region size 1024K, 4 young (4096K), 4 survivors (4096K)
 Metaspace       used 34920K, committed 35392K, reserved 1114112K
  class space    used 4973K, committed 5184K, reserved 1048576K
}
Event: 18.612 GC heap before
{Heap before GC invocations=12 (full 0):
 garbage-first heap   total 58368K, used 30791K [0x00000000c1a00000, 0x0000000100000000)
  region size 1024K, 11 young (11264K), 4 survivors (4096K)
 Metaspace       used 35654K, committed 36096K, reserved 1114112K
  class space    used 5079K, committed 5312K, reserved 1048576K
}
Event: 18.630 GC heap after
{Heap after GC invocations=13 (full 0):
 garbage-first heap   total 58368K, used 24990K [0x00000000c1a00000, 0x0000000100000000)
  region size 1024K, 1 young (1024K), 1 survivors (1024K)
 Metaspace       used 35654K, committed 36096K, reserved 1114112K
  class space    used 5079K, committed 5312K, reserved 1048576K
}
Event: 20.448 GC heap before
{Heap before GC invocations=14 (full 0):
 garbage-first heap   total 58368K, used 45470K [0x00000000c1a00000, 0x0000000100000000)
  region size 1024K, 21 young (21504K), 1 survivors (1024K)
 Metaspace       used 38452K, committed 38912K, reserved 1114112K
  class space    used 5497K, committed 5696K, reserved 1048576K
}

